2024-09-28 12:52:53 INFO  Utils:112 - [TestNG] Running:
  /Users/bigbro/Documents/AutomationSept24/OpenCart/masters.xml

2024-09-28 12:53:10 INFO  LoginDDT:47 - ********************Launching Application********************
2024-09-28 12:55:00 INFO  Utils:112 - [TestNG] Running:
  /Users/bigbro/Documents/AutomationSept24/OpenCart/masters.xml

2024-09-28 12:55:05 INFO  LoginDDT:47 - ********************Launching Application********************
2024-09-28 13:08:13 INFO  Utils:112 - [Utils] MethodGroupsHelper.collectMethodsByGroup() took 0 ms.
2024-09-28 13:08:13 INFO  Utils:112 - [Utils] MethodGroupsHelper.sortMethods() took 1 ms.
2024-09-28 13:08:13 INFO  Utils:112 - [Utils] MethodGroupsHelper.collectMethodsByGroup() took 0 ms.
2024-09-28 13:08:13 INFO  Utils:112 - [Utils] MethodGroupsHelper.sortMethods() took 0 ms.
2024-09-28 13:08:13 INFO  Utils:112 - [Utils] MethodGroupsHelper.collectMethodsByGroup() took 0 ms.
2024-09-28 13:08:13 INFO  Utils:112 - [Utils] MethodGroupsHelper.sortMethods() took 0 ms.
2024-09-28 13:08:13 INFO  Utils:112 - [Utils] MethodGroupsHelper.collectMethodsByGroup() took 0 ms.
2024-09-28 13:08:13 INFO  Utils:112 - [Utils] MethodGroupsHelper.sortMethods() took 0 ms.
2024-09-28 13:08:13 INFO  Utils:112 - [Utils] MethodGroupsHelper.collectMethodsByGroup() took 3 ms.
2024-09-28 13:08:13 INFO  Utils:112 - [Utils] MethodGroupsHelper.sortMethods() took 8 ms.
2024-09-28 13:08:13 INFO  Utils:112 - [Utils] MethodGroupsHelper.collectMethodsByGroup() took 0 ms.
2024-09-28 13:08:13 INFO  Utils:112 - [Utils] MethodGroupsHelper.sortMethods() took 0 ms.
2024-09-28 13:08:13 INFO  Utils:112 - [Utils] MethodGroupsHelper.collectMethodsByGroup() took 0 ms.
2024-09-28 13:08:13 INFO  Utils:112 - [Utils] MethodGroupsHelper.sortMethods() took 0 ms.
2024-09-28 13:08:13 INFO  Utils:112 - [Utils] MethodGroupsHelper.collectMethodsByGroup() took 0 ms.
2024-09-28 13:08:13 INFO  Utils:112 - [Utils] MethodGroupsHelper.sortMethods() took 0 ms.
2024-09-28 13:08:13 INFO  Utils:112 - [Utils] MethodGroupsHelper.collectMethodsByGroup() took 0 ms.
2024-09-28 13:08:13 INFO  Utils:112 - [Utils] MethodGroupsHelper.sortMethods() took 0 ms.
2024-09-28 13:08:13 INFO  Utils:112 - [Utils] MethodGroupsHelper.collectMethodsByGroup() took 0 ms.
2024-09-28 13:08:13 INFO  Utils:112 - [Utils] MethodGroupsHelper.sortMethods() took 0 ms.
2024-09-28 13:08:13 INFO  Utils:112 - [Utils] MethodGroupsHelper.collectMethodsByGroup() took 0 ms.
2024-09-28 13:08:13 INFO  Utils:112 - [Utils] MethodGroupsHelper.sortMethods() took 0 ms.
2024-09-28 13:08:13 INFO  Utils:112 - [Utils] MethodGroupsHelper.collectMethodsByGroup() took 0 ms.
2024-09-28 13:08:13 INFO  Utils:112 - [Utils] MethodGroupsHelper.sortMethods() took 0 ms.
2024-09-28 13:08:13 INFO  Utils:112 - [Utils] MethodGroupsHelper.collectMethodsByGroup() took 0 ms.
2024-09-28 13:08:13 INFO  Utils:112 - [Utils] MethodGroupsHelper.sortMethods() took 0 ms.
2024-09-28 13:08:13 INFO  Utils:112 - [Utils] MethodGroupsHelper.collectMethodsByGroup() took 0 ms.
2024-09-28 13:08:13 INFO  Utils:112 - [Utils] MethodGroupsHelper.sortMethods() took 0 ms.
2024-09-28 13:08:13 INFO  Utils:112 - [Utils] MethodGroupsHelper.collectMethodsByGroup() took 0 ms.
2024-09-28 13:08:13 INFO  Utils:112 - [Utils] MethodGroupsHelper.sortMethods() took 0 ms.
2024-09-28 13:08:13 INFO  Utils:112 - [TestNG] Running:
  /private/var/folders/hj/_f7_fpgd1z36qkmd_qkf3z400000gn/T/testng-eclipse-1440847019/testng-customsuite.xml

2024-09-28 13:08:13 INFO  Utils:112 - [Utils] DynamicGraphHelper.createDynamicGraph() took 4 ms.
2024-09-28 13:08:13 ERROR Utils:154 - [Error] org.testng.TestNGException: 
Method public void testCases.LoginDDT.validate_loginDDT(java.lang.String,java.lang.String,java.lang.String) requires a @DataProvider named : LoginData in class utilities.DataProviders
	at org.testng.internal.Parameters.findDataProvider(Parameters.java:526)
	at org.testng.internal.Parameters.handleParameters(Parameters.java:763)
	at org.testng.internal.Parameters.handleParameters(Parameters.java:728)
	at org.testng.internal.invokers.ParameterHandler.handleParameters(ParameterHandler.java:72)
	at org.testng.internal.invokers.ParameterHandler.createParameters(ParameterHandler.java:51)
	at org.testng.internal.invokers.TestInvoker$MethodInvocationAgent.invoke(TestInvoker.java:924)
	at org.testng.internal.invokers.TestInvoker.invokeTestMethods(TestInvoker.java:194)
	at org.testng.internal.invokers.TestMethodWorker.invokeTestMethods(TestMethodWorker.java:148)
	at org.testng.internal.invokers.TestMethodWorker.run(TestMethodWorker.java:128)
	at java.base/java.util.ArrayList.forEach(ArrayList.java:1596)
	at org.testng.TestRunner.privateRun(TestRunner.java:829)
	at org.testng.TestRunner.run(TestRunner.java:602)
	at org.testng.SuiteRunner.runTest(SuiteRunner.java:437)
	at org.testng.SuiteRunner.runSequentially(SuiteRunner.java:431)
	at org.testng.SuiteRunner.privateRun(SuiteRunner.java:391)
	at org.testng.SuiteRunner.run(SuiteRunner.java:330)
	at org.testng.SuiteRunnerWorker.runSuite(SuiteRunnerWorker.java:52)
	at org.testng.SuiteRunnerWorker.run(SuiteRunnerWorker.java:95)
	at org.testng.TestNG.runSuitesSequentially(TestNG.java:1256)
	at org.testng.TestNG.runSuitesLocally(TestNG.java:1176)
	at org.testng.TestNG.runSuites(TestNG.java:1099)
	at org.testng.TestNG.run(TestNG.java:1067)
	at org.testng.remote.AbstractRemoteTestNG.run(AbstractRemoteTestNG.java:115)
	at org.testng.remote.RemoteTestNG.initAndRun(RemoteTestNG.java:293)
	at org.testng.remote.RemoteTestNG.main(RemoteTestNG.java:91)

2024-09-28 13:08:13 INFO  Utils:112 - [TestNG] Time taken by org.testng.internal.ExitCodeListener@2ef8a8c3: 0 ms
2024-09-28 13:08:13 INFO  Utils:112 - [TestNG] Time taken by org.testng.reporters.SuiteHTMLReporter@77b7ffa4: 15 ms
2024-09-28 13:08:13 INFO  Utils:112 - [TestNG] Time taken by org.testng.reporters.jq.Main@58783f6c: 41 ms
2024-09-28 13:08:13 INFO  Utils:112 - [TestNG] Time taken by org.testng.reporters.FailedReporter@24855019: 7 ms
2024-09-28 13:08:13 INFO  Utils:112 - [TestNG] Time taken by org.testng.reporters.XMLReporter@3aaf4f07: 12 ms
2024-09-28 13:08:13 INFO  Utils:112 - [TestNG] Time taken by org.testng.reporters.EmailableReporter2@6754ef00: 8 ms
2024-09-28 13:08:13 INFO  Utils:112 - [TestNG] Time taken by org.testng.reporters.JUnitReportReporter@24b52d3e: 11 ms
2024-09-28 13:09:39 INFO  Utils:112 - [TestNG] Running:
  /Users/bigbro/Documents/AutomationSept24/OpenCart/masters.xml

2024-09-28 13:09:44 INFO  LoginDDT:47 - ********************Launching Application********************
2024-09-28 13:11:14 INFO  Utils:112 - [TestNG] Running:
  /Users/bigbro/Documents/AutomationSept24/OpenCart/masters.xml

2024-09-28 13:11:21 INFO  LoginDDT:47 - ********************Launching Application********************
2024-09-28 13:28:39 INFO  Utils:112 - [TestNG] Running:
  /Users/bigbro/Documents/AutomationSept24/OpenCart/masters.xml

2024-09-28 13:28:44 INFO  LoginDDT:47 - ********************Launching Application********************
2024-09-28 13:47:25 INFO  Utils:112 - [TestNG] Running:
  /Users/bigbro/Documents/AutomationSept24/OpenCart/grouping.xml

2024-09-28 13:53:24 INFO  Utils:112 - [TestNG] Running:
  /Users/bigbro/Documents/AutomationSept24/OpenCart/grouping.xml

